  ~/r/lab4 on main [ok]
nix-shell ❯ kubectl create namespace argocd                                                                                                                                  on ☁️  (ru-msk)
namespace/argocd created

  ~/r/lab4 on main [ok]
nix-shell ❯ kubectl apply -n argocd -f https://raw.githubusercontent.com/argoproj/argo-cd/stable/manifests/install.yaml --server-side                                        on ☁️  (ru-msk)
customresourcedefinition.apiextensions.k8s.io/applications.argoproj.io serverside-applied
customresourcedefinition.apiextensions.k8s.io/applicationsets.argoproj.io serverside-applied
customresourcedefinition.apiextensions.k8s.io/appprojects.argoproj.io serverside-applied
serviceaccount/argocd-application-controller serverside-applied
serviceaccount/argocd-applicationset-controller serverside-applied
serviceaccount/argocd-dex-server serverside-applied
serviceaccount/argocd-notifications-controller serverside-applied
serviceaccount/argocd-redis serverside-applied
serviceaccount/argocd-repo-server serverside-applied
serviceaccount/argocd-server serverside-applied
role.rbac.authorization.k8s.io/argocd-application-controller serverside-applied
role.rbac.authorization.k8s.io/argocd-applicationset-controller serverside-applied
role.rbac.authorization.k8s.io/argocd-dex-server serverside-applied
role.rbac.authorization.k8s.io/argocd-notifications-controller serverside-applied
role.rbac.authorization.k8s.io/argocd-redis serverside-applied
role.rbac.authorization.k8s.io/argocd-server serverside-applied
clusterrole.rbac.authorization.k8s.io/argocd-application-controller serverside-applied
clusterrole.rbac.authorization.k8s.io/argocd-applicationset-controller serverside-applied
clusterrole.rbac.authorization.k8s.io/argocd-server serverside-applied
rolebinding.rbac.authorization.k8s.io/argocd-application-controller serverside-applied
rolebinding.rbac.authorization.k8s.io/argocd-applicationset-controller serverside-applied
rolebinding.rbac.authorization.k8s.io/argocd-dex-server serverside-applied
rolebinding.rbac.authorization.k8s.io/argocd-notifications-controller serverside-applied
rolebinding.rbac.authorization.k8s.io/argocd-redis serverside-applied
rolebinding.rbac.authorization.k8s.io/argocd-server serverside-applied
clusterrolebinding.rbac.authorization.k8s.io/argocd-application-controller serverside-applied
clusterrolebinding.rbac.authorization.k8s.io/argocd-applicationset-controller serverside-applied
clusterrolebinding.rbac.authorization.k8s.io/argocd-server serverside-applied
configmap/argocd-cm serverside-applied
configmap/argocd-cmd-params-cm serverside-applied
configmap/argocd-gpg-keys-cm serverside-applied
configmap/argocd-notifications-cm serverside-applied
configmap/argocd-rbac-cm serverside-applied
configmap/argocd-ssh-known-hosts-cm serverside-applied
configmap/argocd-tls-certs-cm serverside-applied
secret/argocd-notifications-secret serverside-applied
secret/argocd-secret serverside-applied
service/argocd-applicationset-controller serverside-applied
service/argocd-dex-server serverside-applied
service/argocd-metrics serverside-applied
service/argocd-notifications-controller-metrics serverside-applied
service/argocd-redis serverside-applied
service/argocd-repo-server serverside-applied
service/argocd-server serverside-applied
service/argocd-server-metrics serverside-applied
deployment.apps/argocd-applicationset-controller serverside-applied
deployment.apps/argocd-dex-server serverside-applied
deployment.apps/argocd-notifications-controller serverside-applied
deployment.apps/argocd-redis serverside-applied
deployment.apps/argocd-repo-server serverside-applied
deployment.apps/argocd-server serverside-applied
statefulset.apps/argocd-application-controller serverside-applied
networkpolicy.networking.k8s.io/argocd-application-controller-network-policy serverside-applied
networkpolicy.networking.k8s.io/argocd-applicationset-controller-network-policy serverside-applied
networkpolicy.networking.k8s.io/argocd-dex-server-network-policy serverside-applied
networkpolicy.networking.k8s.io/argocd-notifications-controller-network-policy serverside-applied
networkpolicy.networking.k8s.io/argocd-redis-network-policy serverside-applied
networkpolicy.networking.k8s.io/argocd-repo-server-network-policy serverside-applied
networkpolicy.networking.k8s.io/argocd-server-network-policy serverside-applied

  ~/r/lab4 on main [ok]
nix-shell ❯ kubectl get pods -n argocd                                                                                                                                       on ☁️  (ru-msk)
NAME                                                READY   STATUS    RESTARTS   AGE
argocd-application-controller-0                     1/1     Running   0          43s
argocd-applicationset-controller-78d66cfd5b-9rzxc   1/1     Running   0          44s
argocd-dex-server-795b9b7569-lllcw                  1/1     Running   0          43s
argocd-notifications-controller-85db9b54dd-tvs55    1/1     Running   0          43s
argocd-redis-5c7789bdf-bxfrm                        1/1     Running   0          43s
argocd-repo-server-575f949f6-8kkpg                  1/1     Running   0          43s
argocd-server-78bf4dfbcb-g9x4j                      1/1     Running   0          43s

  ~/r/lab4 on main [ok]
nix-shell ❯ kubectl -n argocd get secret argocd-initial-admin-secret -o jsonpath="{.data.password}" | base64 -d && echo                                                      on ☁️  (ru-msk)
weSuC1mk3y7zG3Hp

  ~/r/lab4 on main [ok]
nix-shell ❯ kubectl port-forward svc/argocd-server -n argocd 8080:443                                                                                                        on ☁️  (ru-msk)
Forwarding from 127.0.0.1:8080 -> 8080
Forwarding from [::1]:8080 -> 8080

